Flow report for Multiciclo
Mon Dec 10 21:58:43 2018
Quartus II 64-Bit Version 13.0.1 Build 232 06/12/2013 Service Pack 1 SJ Web Edition


---------------------
; Table of Contents ;
---------------------
  1. Legal Notice
  2. Flow Summary
  3. Flow Settings
  4. Flow Non-Default Global Settings
  5. Flow Elapsed Time
  6. Flow OS Summary
  7. Flow Log
  8. Flow Messages
  9. Flow Suppressed Messages



----------------
; Legal Notice ;
----------------
Copyright (C) 1991-2013 Altera Corporation
Your use of Altera Corporation's design tools, logic functions 
and other software and tools, and its AMPP partner logic 
functions, and any output files from any of the foregoing 
(including device programming or simulation files), and any 
associated documentation or information are expressly subject 
to the terms and conditions of the Altera Program License 
Subscription Agreement, Altera MegaCore Function License 
Agreement, or other applicable license agreement, including, 
without limitation, that your use is for the sole purpose of 
programming logic devices manufactured by Altera and sold by 
Altera or its authorized distributors.  Please refer to the 
applicable agreement for further details.



+--------------------------------------------------------------------------------------+
; Flow Summary                                                                         ;
+------------------------------------+-------------------------------------------------+
; Flow Status                        ; Successful - Mon Dec 10 21:58:43 2018           ;
; Quartus II 64-Bit Version          ; 13.0.1 Build 232 06/12/2013 SP 1 SJ Web Edition ;
; Revision Name                      ; Multiciclo                                      ;
; Top-level Entity Name              ; Multiciclo                                      ;
; Family                             ; Cyclone II                                      ;
; Device                             ; EP2C70F896C6                                    ;
; Timing Models                      ; Final                                           ;
; Total logic elements               ; 1,218 / 68,416 ( 2 % )                          ;
;     Total combinational functions  ; 1,168 / 68,416 ( 2 % )                          ;
;     Dedicated logic registers      ; 242 / 68,416 ( < 1 % )                          ;
; Total registers                    ; 242                                             ;
; Total pins                         ; 37 / 622 ( 6 % )                                ;
; Total virtual pins                 ; 0                                               ;
; Total memory bits                  ; 10,240 / 1,152,000 ( < 1 % )                    ;
; Embedded Multiplier 9-bit elements ; 0 / 300 ( 0 % )                                 ;
; Total PLLs                         ; 0 / 4 ( 0 % )                                   ;
+------------------------------------+-------------------------------------------------+


+-----------------------------------------+
; Flow Settings                           ;
+-------------------+---------------------+
; Option            ; Setting             ;
+-------------------+---------------------+
; Start date & time ; 12/10/2018 21:57:47 ;
; Main task         ; Compilation         ;
; Revision Name     ; Multiciclo          ;
+-------------------+---------------------+


+-----------------------------------------------------------------------------------------------------------------------------+
; Flow Non-Default Global Settings                                                                                            ;
+--------------------------------------+---------------------------------------+---------------+-------------+----------------+
; Assignment Name                      ; Value                                 ; Default Value ; Entity Name ; Section Id     ;
+--------------------------------------+---------------------------------------+---------------+-------------+----------------+
; COMPILER_SIGNATURE_ID                ; 52235756292.154448626702280           ; --            ; --          ; --             ;
; EDA_DESIGN_INSTANCE_NAME             ; i1                                    ; --            ; --          ; tb             ;
; EDA_NATIVELINK_SIMULATION_TEST_BENCH ; tb                                    ; --            ; --          ; eda_simulation ;
; EDA_OUTPUT_DATA_FORMAT               ; Vhdl                                  ; --            ; --          ; eda_simulation ;
; EDA_SIMULATION_TOOL                  ; ModelSim-Altera (VHDL)                ; <None>        ; --          ; --             ;
; EDA_TEST_BENCH_ENABLE_STATUS         ; TEST_BENCH_MODE                       ; --            ; --          ; eda_simulation ;
; EDA_TEST_BENCH_FILE                  ; mips_tb.vhd                           ; --            ; --          ; tb             ;
; EDA_TEST_BENCH_MODULE_NAME           ; mips_tb                               ; --            ; --          ; tb             ;
; EDA_TEST_BENCH_NAME                  ; tb                                    ; --            ; --          ; eda_simulation ;
; EDA_TEST_BENCH_RUN_SIM_FOR           ; 2.803 ns                              ; --            ; --          ; tb             ;
; IP_TOOL_NAME                         ; RAM: 1-PORT                           ; --            ; --          ; --             ;
; IP_TOOL_VERSION                      ; 12.1                                  ; --            ; --          ; --             ;
; MAX_CORE_JUNCTION_TEMP               ; 85                                    ; --            ; --          ; --             ;
; MIN_CORE_JUNCTION_TEMP               ; 0                                     ; --            ; --          ; --             ;
; MISC_FILE                            ; mips_ram.cmp                          ; --            ; --          ; --             ;
; PARTITION_COLOR                      ; 16764057                              ; --            ; --          ; Top            ;
; PARTITION_FITTER_PRESERVATION_LEVEL  ; PLACEMENT_AND_ROUTING                 ; --            ; --          ; Top            ;
; PARTITION_NETLIST_TYPE               ; SOURCE                                ; --            ; --          ; Top            ;
; POWER_BOARD_THERMAL_MODEL            ; None (CONSERVATIVE)                   ; --            ; --          ; --             ;
; POWER_PRESET_COOLING_SOLUTION        ; 23 MM HEAT SINK WITH 200 LFPM AIRFLOW ; --            ; --          ; --             ;
; PROJECT_OUTPUT_DIRECTORY             ; output_files                          ; --            ; --          ; --             ;
+--------------------------------------+---------------------------------------+---------------+-------------+----------------+


+-------------------------------------------------------------------------------------------------------------------------------+
; Flow Elapsed Time                                                                                                             ;
+---------------------------+--------------+-------------------------+---------------------+------------------------------------+
; Module Name               ; Elapsed Time ; Average Processors Used ; Peak Virtual Memory ; Total CPU Time (on all processors) ;
+---------------------------+--------------+-------------------------+---------------------+------------------------------------+
; Analysis & Synthesis      ; 00:00:12     ; 1.0                     ; 515 MB              ; 00:00:10                           ;
; Fitter                    ; 00:00:26     ; 1.0                     ; 841 MB              ; 00:00:19                           ;
; Assembler                 ; 00:00:04     ; 1.0                     ; 438 MB              ; 00:00:03                           ;
; TimeQuest Timing Analyzer ; 00:00:02     ; 1.0                     ; 447 MB              ; 00:00:02                           ;
; EDA Netlist Writer        ; 00:00:02     ; 1.0                     ; 406 MB              ; 00:00:01                           ;
; Total                     ; 00:00:46     ; --                      ; --                  ; 00:00:35                           ;
+---------------------------+--------------+-------------------------+---------------------+------------------------------------+


+----------------------------------------------------------------------------------------+
; Flow OS Summary                                                                        ;
+---------------------------+------------------+-----------+------------+----------------+
; Module Name               ; Machine Hostname ; OS Name   ; OS Version ; Processor type ;
+---------------------------+------------------+-----------+------------+----------------+
; Analysis & Synthesis      ; WIN-BVRHUNDBJF9  ; Windows 7 ; 6.1        ; x86_64         ;
; Fitter                    ; WIN-BVRHUNDBJF9  ; Windows 7 ; 6.1        ; x86_64         ;
; Assembler                 ; WIN-BVRHUNDBJF9  ; Windows 7 ; 6.1        ; x86_64         ;
; TimeQuest Timing Analyzer ; WIN-BVRHUNDBJF9  ; Windows 7 ; 6.1        ; x86_64         ;
; EDA Netlist Writer        ; WIN-BVRHUNDBJF9  ; Windows 7 ; 6.1        ; x86_64         ;
+---------------------------+------------------+-----------+------------+----------------+


------------
; Flow Log ;
------------
quartus_map --read_settings_files=on --write_settings_files=off Multiciclo -c Multiciclo
quartus_fit --read_settings_files=off --write_settings_files=off Multiciclo -c Multiciclo
quartus_asm --read_settings_files=off --write_settings_files=off Multiciclo -c Multiciclo
quartus_sta Multiciclo -c Multiciclo
quartus_eda --read_settings_files=off --write_settings_files=off Multiciclo -c Multiciclo



